2024-07-01T13:51:39.834+02:00  INFO 24276 --- [Coordinacion de trabajos academicos] [main] c.e.t.TrabajosAcademicosApplication      : Starting TrabajosAcademicosApplication using Java 21.0.2 with PID 24276 (C:\Users\migue\TFG\trabajos-academicos\backend\target\classes started by migue in C:\Users\migue\TFG\trabajos-academicos\backend)
2024-07-01T13:51:39.843+02:00  INFO 24276 --- [Coordinacion de trabajos academicos] [main] c.e.t.TrabajosAcademicosApplication      : No active profile set, falling back to 1 default profile: "default"
2024-07-01T13:51:42.247+02:00  INFO 24276 --- [Coordinacion de trabajos academicos] [main] .s.d.r.c.RepositoryConfigurationDelegate : Bootstrapping Spring Data JPA repositories in DEFAULT mode.
2024-07-01T13:51:42.332+02:00  INFO 24276 --- [Coordinacion de trabajos academicos] [main] .s.d.r.c.RepositoryConfigurationDelegate : Finished Spring Data repository scanning in 77 ms. Found 10 JPA repository interfaces.
2024-07-01T13:51:42.825+02:00  INFO 24276 --- [Coordinacion de trabajos academicos] [main] o.s.b.w.embedded.tomcat.TomcatWebServer  : Tomcat initialized with port 8080 (http)
2024-07-01T13:51:42.835+02:00  INFO 24276 --- [Coordinacion de trabajos academicos] [main] o.apache.catalina.core.StandardService   : Starting service [Tomcat]
2024-07-01T13:51:42.836+02:00  INFO 24276 --- [Coordinacion de trabajos academicos] [main] o.apache.catalina.core.StandardEngine    : Starting Servlet engine: [Apache Tomcat/10.1.18]
2024-07-01T13:51:42.882+02:00  INFO 24276 --- [Coordinacion de trabajos academicos] [main] o.a.c.c.C.[Tomcat].[localhost].[/]       : Initializing Spring embedded WebApplicationContext
2024-07-01T13:51:42.883+02:00  INFO 24276 --- [Coordinacion de trabajos academicos] [main] w.s.c.ServletWebServerApplicationContext : Root WebApplicationContext: initialization completed in 2988 ms
2024-07-01T13:51:42.986+02:00  INFO 24276 --- [Coordinacion de trabajos academicos] [main] o.hibernate.jpa.internal.util.LogHelper  : HHH000204: Processing PersistenceUnitInfo [name: default]
2024-07-01T13:51:43.058+02:00  INFO 24276 --- [Coordinacion de trabajos academicos] [main] org.hibernate.Version                    : HHH000412: Hibernate ORM core version 6.4.1.Final
2024-07-01T13:51:43.103+02:00  INFO 24276 --- [Coordinacion de trabajos academicos] [main] o.h.c.internal.RegionFactoryInitiator    : HHH000026: Second-level cache disabled
2024-07-01T13:51:43.329+02:00  INFO 24276 --- [Coordinacion de trabajos academicos] [main] o.s.o.j.p.SpringPersistenceUnitInfo      : No LoadTimeWeaver setup: ignoring JPA class transformer
2024-07-01T13:51:43.354+02:00  INFO 24276 --- [Coordinacion de trabajos academicos] [main] com.zaxxer.hikari.HikariDataSource       : HikariPool-1 - Starting...
2024-07-01T13:51:43.714+02:00  INFO 24276 --- [Coordinacion de trabajos academicos] [main] com.zaxxer.hikari.pool.HikariPool        : HikariPool-1 - Added connection com.mysql.cj.jdbc.ConnectionImpl@d76099a
2024-07-01T13:51:43.716+02:00  INFO 24276 --- [Coordinacion de trabajos academicos] [main] com.zaxxer.hikari.HikariDataSource       : HikariPool-1 - Start completed.
2024-07-01T13:51:43.766+02:00  WARN 24276 --- [Coordinacion de trabajos academicos] [main] org.hibernate.orm.deprecation            : HHH90000025: MySQL8Dialect does not need to be specified explicitly using 'hibernate.dialect' (remove the property setting and it will be selected by default)
2024-07-01T13:51:43.766+02:00  WARN 24276 --- [Coordinacion de trabajos academicos] [main] org.hibernate.orm.deprecation            : HHH90000026: MySQL8Dialect has been deprecated; use org.hibernate.dialect.MySQLDialect instead
2024-07-01T13:51:45.230+02:00  INFO 24276 --- [Coordinacion de trabajos academicos] [main] o.h.e.t.j.p.i.JtaPlatformInitiator       : HHH000489: No JTA platform available (set 'hibernate.transaction.jta.platform' to enable JTA platform integration)
2024-07-01T13:51:45.495+02:00  INFO 24276 --- [Coordinacion de trabajos academicos] [main] j.LocalContainerEntityManagerFactoryBean : Initialized JPA EntityManagerFactory for persistence unit 'default'
2024-07-01T13:51:45.967+02:00  INFO 24276 --- [Coordinacion de trabajos academicos] [main] o.apache.catalina.core.StandardContext   : Suspicious URL pattern: [/api/notifications/**] in context [], see sections 12.1 and 12.2 of the Servlet specification
2024-07-01T13:51:45.968+02:00  INFO 24276 --- [Coordinacion de trabajos academicos] [main] o.apache.catalina.core.StandardContext   : Suspicious URL pattern: [/api/friendships/**] in context [], see sections 12.1 and 12.2 of the Servlet specification
2024-07-01T13:51:45.969+02:00  INFO 24276 --- [Coordinacion de trabajos academicos] [main] o.apache.catalina.core.StandardContext   : Suspicious URL pattern: [/api/logout/**] in context [], see sections 12.1 and 12.2 of the Servlet specification
2024-07-01T13:51:45.969+02:00  INFO 24276 --- [Coordinacion de trabajos academicos] [main] o.apache.catalina.core.StandardContext   : Suspicious URL pattern: [/api/tasks/**] in context [], see sections 12.1 and 12.2 of the Servlet specification
2024-07-01T13:51:45.969+02:00  INFO 24276 --- [Coordinacion de trabajos academicos] [main] o.apache.catalina.core.StandardContext   : Suspicious URL pattern: [/api/taskStatus/**] in context [], see sections 12.1 and 12.2 of the Servlet specification
2024-07-01T13:51:45.969+02:00  INFO 24276 --- [Coordinacion de trabajos academicos] [main] o.apache.catalina.core.StandardContext   : Suspicious URL pattern: [/api/events/**] in context [], see sections 12.1 and 12.2 of the Servlet specification
2024-07-01T13:51:45.970+02:00  INFO 24276 --- [Coordinacion de trabajos academicos] [main] o.apache.catalina.core.StandardContext   : Suspicious URL pattern: [/api/calls/**] in context [], see sections 12.1 and 12.2 of the Servlet specification
2024-07-01T13:51:45.970+02:00  INFO 24276 --- [Coordinacion de trabajos academicos] [main] o.apache.catalina.core.StandardContext   : Suspicious URL pattern: [/api/jobs/**] in context [], see sections 12.1 and 12.2 of the Servlet specification
2024-07-01T13:51:45.970+02:00  INFO 24276 --- [Coordinacion de trabajos academicos] [main] o.apache.catalina.core.StandardContext   : Suspicious URL pattern: [/api/jobinquiries/**] in context [], see sections 12.1 and 12.2 of the Servlet specification
2024-07-01T13:51:45.970+02:00  INFO 24276 --- [Coordinacion de trabajos academicos] [main] o.apache.catalina.core.StandardContext   : Suspicious URL pattern: [/api/stats/**] in context [], see sections 12.1 and 12.2 of the Servlet specification
2024-07-01T13:51:45.970+02:00  INFO 24276 --- [Coordinacion de trabajos academicos] [main] o.apache.catalina.core.StandardContext   : Suspicious URL pattern: [/api/informs/**] in context [], see sections 12.1 and 12.2 of the Servlet specification
2024-07-01T13:51:46.185+02:00  INFO 24276 --- [Coordinacion de trabajos academicos] [main] o.s.d.j.r.query.QueryEnhancerFactory     : Hibernate is in classpath; If applicable, HQL parser will be used.
2024-07-01T13:51:46.726+02:00  WARN 24276 --- [Coordinacion de trabajos academicos] [main] JpaBaseConfiguration$JpaWebConfiguration : spring.jpa.open-in-view is enabled by default. Therefore, database queries may be performed during view rendering. Explicitly configure spring.jpa.open-in-view to disable this warning
2024-07-01T13:51:47.063+02:00  INFO 24276 --- [Coordinacion de trabajos academicos] [main] o.s.s.web.DefaultSecurityFilterChain     : Will secure any request with [org.springframework.security.web.session.DisableEncodeUrlFilter@1ad28f2, org.springframework.security.web.context.request.async.WebAsyncManagerIntegrationFilter@2044a11b, org.springframework.security.web.context.SecurityContextHolderFilter@5503e208, org.springframework.security.web.header.HeaderWriterFilter@7e64b248, org.springframework.web.filter.CorsFilter@7d91e9c9, org.springframework.security.web.authentication.logout.LogoutFilter@62a07c01, com.example.trabajosacademicos.jwt.JwtAuthenticationFilter@1c0a4f87, org.springframework.security.web.savedrequest.RequestCacheAwareFilter@1d3aefd, org.springframework.security.web.servletapi.SecurityContextHolderAwareRequestFilter@751f445a, org.springframework.security.web.authentication.AnonymousAuthenticationFilter@1d9db780, org.springframework.security.web.session.SessionManagementFilter@6f9d1785, org.springframework.security.web.access.ExceptionTranslationFilter@623e578b, org.springframework.security.web.access.intercept.AuthorizationFilter@18a8a40e]
2024-07-01T13:51:47.326+02:00  INFO 24276 --- [Coordinacion de trabajos academicos] [main] o.s.b.w.embedded.tomcat.TomcatWebServer  : Tomcat started on port 8080 (http) with context path ''
2024-07-01T13:51:47.333+02:00  INFO 24276 --- [Coordinacion de trabajos academicos] [main] c.e.t.TrabajosAcademicosApplication      : Started TrabajosAcademicosApplication in 7.91 seconds (process running for 11.503)
